<?xml version="1.0" encoding="UTF-8"?>
<testsuite name="ru.netology.web.test.PaymentCardTest$shouldInvalidCardFieldYear" tests="5" skipped="0" failures="0" errors="0" timestamp="2022-07-20T09:32:31" hostname="ANTONOVA" time="4.916">
  <properties/>
  <testcase name="shouldInvalidYearIfZero()" classname="ru.netology.web.test.PaymentCardTest$shouldInvalidCardFieldYear" time="0.975"/>
  <testcase name="shouldInvalidYearIfEmpty()" classname="ru.netology.web.test.PaymentCardTest$shouldInvalidCardFieldYear" time="0.967"/>
  <testcase name="shouldInvalidYearIfBeforeCurrentYear()" classname="ru.netology.web.test.PaymentCardTest$shouldInvalidCardFieldYear" time="0.969"/>
  <testcase name="shouldInvalidYearIfInTheFarFuture()" classname="ru.netology.web.test.PaymentCardTest$shouldInvalidCardFieldYear" time="0.948"/>
  <testcase name="shouldInvalidNumberOfYearIfOneDigit()" classname="ru.netology.web.test.PaymentCardTest$shouldInvalidCardFieldYear" time="1.053"/>
  <system-out><![CDATA[]]></system-out>
  <system-err><![CDATA[]]></system-err>
</testsuite>
