<?xml version="1.0" encoding="UTF-8"?>
<testsuite name="ru.netology.web.test.CreditCardTest$shouldInvalidCardNumber" tests="4" skipped="0" failures="0" errors="0" timestamp="2022-07-20T09:30:56" hostname="ANTONOVA" time="9.446">
  <properties/>
  <testcase name="shouldInvalidCardNumberIfEmpty()" classname="ru.netology.web.test.CreditCardTest$shouldInvalidCardNumber" time="0.977"/>
  <testcase name="shouldIncorrectFieldNumberCardMiniNumber()" classname="ru.netology.web.test.CreditCardTest$shouldInvalidCardNumber" time="0.956"/>
  <testcase name="shouldGetNotificationEmptyFields()" classname="ru.netology.web.test.CreditCardTest$shouldInvalidCardNumber" time="1.073"/>
  <testcase name="shouldIncorrectFieldNumberCardOtherNumber()" classname="ru.netology.web.test.CreditCardTest$shouldInvalidCardNumber" time="6.436"/>
  <system-out><![CDATA[]]></system-out>
  <system-err><![CDATA[]]></system-err>
</testsuite>
