<?xml version="1.0" encoding="UTF-8"?>
<testsuite name="ru.netology.web.test.PaymentCardTest" tests="1" skipped="0" failures="0" errors="0" timestamp="2022-07-15T10:45:40" hostname="ANTONOVA" time="16.092">
  <properties/>
  <testcase name="shouldInvalidCardDataIfEmptyAllFieldsAndAfterFullInformationCard()" classname="ru.netology.web.test.PaymentCardTest" time="16.092"/>
  <system-out><![CDATA[]]></system-out>
  <system-err><![CDATA[Starting ChromeDriver 103.0.5060.53 (a1711811edd74ff1cf2150f36ffa3b0dae40b17f-refs/branch-heads/5060@{#853}) on port 5202
Only local connections are allowed.
Please see https://chromedriver.chromium.org/security-considerations for suggestions on keeping ChromeDriver safe.
ChromeDriver was started successfully.
июл. 15, 2022 7:45:39 PM org.openqa.selenium.remote.ProtocolHandshake createSession
INFO: Detected dialect: W3C
]]></system-err>
</testsuite>
