<?xml version="1.0" encoding="UTF-8"?>
<testsuite name="ru.netology.web.test.CreditCardTest$shouldInvalidCardFieldYear" tests="5" skipped="0" failures="0" errors="0" timestamp="2022-07-20T09:19:14" hostname="ANTONOVA" time="5.026">
  <properties/>
  <testcase name="shouldInvalidYearIfZero()" classname="ru.netology.web.test.CreditCardTest$shouldInvalidCardFieldYear" time="0.96"/>
  <testcase name="shouldInvalidYearIfEmpty()" classname="ru.netology.web.test.CreditCardTest$shouldInvalidCardFieldYear" time="0.982"/>
  <testcase name="shouldInvalidYearIfBeforeCurrentYear()" classname="ru.netology.web.test.CreditCardTest$shouldInvalidCardFieldYear" time="1.028"/>
  <testcase name="shouldInvalidYearIfInTheFarFuture()" classname="ru.netology.web.test.CreditCardTest$shouldInvalidCardFieldYear" time="1.016"/>
  <testcase name="shouldInvalidNumberOfYearIfOneDigit()" classname="ru.netology.web.test.CreditCardTest$shouldInvalidCardFieldYear" time="1.034"/>
  <system-out><![CDATA[]]></system-out>
  <system-err><![CDATA[]]></system-err>
</testsuite>
