<?xml version="1.0" encoding="UTF-8"?>
<testsuite name="ru.netology.web.test.CreditCardTest$shouldInvalidCardNumber" tests="4" skipped="0" failures="0" errors="0" timestamp="2022-07-20T09:19:39" hostname="ANTONOVA" time="10.589">
  <properties/>
  <testcase name="shouldInvalidCardNumberIfEmpty()" classname="ru.netology.web.test.CreditCardTest$shouldInvalidCardNumber" time="0.952"/>
  <testcase name="shouldIncorrectFieldNumberCardMiniNumber()" classname="ru.netology.web.test.CreditCardTest$shouldInvalidCardNumber" time="1.01"/>
  <testcase name="shouldGetNotificationEmptyFields()" classname="ru.netology.web.test.CreditCardTest$shouldInvalidCardNumber" time="1.09"/>
  <testcase name="shouldIncorrectFieldNumberCardOtherNumber()" classname="ru.netology.web.test.CreditCardTest$shouldInvalidCardNumber" time="7.534"/>
  <system-out><![CDATA[]]></system-out>
  <system-err><![CDATA[]]></system-err>
</testsuite>
