<?xml version="1.0" encoding="UTF-8"?>
<testsuite name="ru.netology.web.test.PaymentCardTest$shouldInvalidCardNumber" tests="4" skipped="0" failures="0" errors="0" timestamp="2022-07-20T09:32:55" hostname="ANTONOVA" time="10.764">
  <properties/>
  <testcase name="shouldIncorrectFieldNumberCardMiniNumber()" classname="ru.netology.web.test.PaymentCardTest$shouldInvalidCardNumber" time="1.004"/>
  <testcase name="shouldFailurePaymentIfEmptyNumberCard()" classname="ru.netology.web.test.PaymentCardTest$shouldInvalidCardNumber" time="0.922"/>
  <testcase name="shouldGetNotificationEmptyFields()" classname="ru.netology.web.test.PaymentCardTest$shouldInvalidCardNumber" time="1.169"/>
  <testcase name="shouldIncorrectFieldNumberCardOtherNumber()" classname="ru.netology.web.test.PaymentCardTest$shouldInvalidCardNumber" time="7.666"/>
  <system-out><![CDATA[]]></system-out>
  <system-err><![CDATA[]]></system-err>
</testsuite>
