<?xml version="1.0" encoding="UTF-8"?>
<testsuite name="ru.netology.web.test.PaymentCardTest$shouldInvalidCardFieldYear" tests="1" skipped="0" failures="0" errors="0" timestamp="2022-07-19T10:42:47" hostname="ANTONOVA" time="5.117">
  <properties/>
  <testcase name="shouldInvalidYearIfBeforeCurrentYear()" classname="ru.netology.web.test.PaymentCardTest$shouldInvalidCardFieldYear" time="5.117"/>
  <system-out><![CDATA[]]></system-out>
  <system-err><![CDATA[Starting ChromeDriver 103.0.5060.53 (a1711811edd74ff1cf2150f36ffa3b0dae40b17f-refs/branch-heads/5060@{#853}) on port 12080
Only local connections are allowed.
Please see https://chromedriver.chromium.org/security-considerations for suggestions on keeping ChromeDriver safe.
ChromeDriver was started successfully.
июл. 19, 2022 7:42:50 PM org.openqa.selenium.remote.ProtocolHandshake createSession
INFO: Detected dialect: W3C
]]></system-err>
</testsuite>
